<?xml version="1.0" encoding="UTF-8"?>
<!-- Generated by org.testng.reporters.JUnitReportReporter -->
<testsuite hostname="LAPTOP-D4RH5SI9" failures="0" tests="1" name="DataDrivenTesting.ReadAndWriteDataPropertyFile" time="0.104" errors="0" timestamp="2023-12-02T16:21:20 GMT+05:30" skipped="0">
  <testcase classname="DataDrivenTesting.ReadAndWriteDataPropertyFile" name="propertyFileTest" time="0.104"/>
  <system-out/>
</testsuite> <!-- DataDrivenTesting.ReadAndWriteDataPropertyFile -->
