<?xml version="1.0" encoding="UTF-8"?>
<!-- Generated by org.testng.reporters.JUnitReportReporter -->
<testsuite hostname="LAPTOP-D4RH5SI9" failures="0" tests="1" name="Collections.HashSetTest" time="0.022" errors="0" timestamp="2023-12-06T11:15:43 GMT+05:30" skipped="0">
  <testcase classname="Collections.HashSetTest" name="hashSet" time="0.022"/>
  <system-out/>
</testsuite> <!-- Collections.HashSetTest -->
