<?xml version="1.0" encoding="UTF-8"?>
<!-- Generated by org.testng.reporters.JUnitReportReporter -->
<testsuite hostname="LAPTOP-D4RH5SI9" failures="0" tests="1" name="DataDrivenTesting.SelectQueryTest" time="0.611" errors="0" timestamp="2023-12-02T18:05:58 GMT+05:30" skipped="0">
  <testcase classname="DataDrivenTesting.SelectQueryTest" name="selectQueryTest" time="0.611"/>
  <system-out/>
</testsuite> <!-- DataDrivenTesting.SelectQueryTest -->
