<?xml version="1.0" encoding="UTF-8"?>
<!-- Generated by org.testng.reporters.JUnitReportReporter -->
<testsuite hostname="LAPTOP-D4RH5SI9" failures="0" tests="3" name="DataDrivenTesting.DataProviderInDifferentClass" time="0.023" errors="0" timestamp="2023-12-03T11:22:08 GMT+05:30" skipped="0">
  <testcase classname="DataDrivenTesting.DataProviderInDifferentClass" name="demo" time="0.004"/>
  <system-out/>
  <testcase classname="DataDrivenTesting.DataProviderInDifferentClass" name="demo" time="0.015"/>
  <system-out/>
  <testcase classname="DataDrivenTesting.DataProviderInDifferentClass" name="demo" time="0.004"/>
  <system-out/>
</testsuite> <!-- DataDrivenTesting.DataProviderInDifferentClass -->
