<?xml version="1.0" encoding="UTF-8"?>
<!-- Generated by org.testng.reporters.JUnitReportReporter -->
<testsuite hostname="LAPTOP-D4RH5SI9" failures="0" tests="1" name="DataDrivenTesting.ReadDataFromJSONFile" time="0.026" errors="0" timestamp="2023-12-02T16:48:52 GMT+05:30" skipped="0">
  <testcase classname="DataDrivenTesting.ReadDataFromJSONFile" name="testJSONFileTest" time="0.026"/>
  <system-out/>
</testsuite> <!-- DataDrivenTesting.ReadDataFromJSONFile -->
