<?xml version="1.0" encoding="UTF-8"?>
<!-- Generated by org.testng.reporters.JUnitReportReporter -->
<testsuite hostname="LAPTOP-D4RH5SI9" failures="0" tests="1" name="DataDrivenTesting.ReadAndWriteDataExcelFile" time="1.920" errors="0" timestamp="2023-12-02T16:38:58 GMT+05:30" skipped="0">
  <testcase classname="DataDrivenTesting.ReadAndWriteDataExcelFile" name="test" time="1.920"/>
  <system-out/>
</testsuite> <!-- DataDrivenTesting.ReadAndWriteDataExcelFile -->
