<?xml version="1.0" encoding="UTF-8"?>
<!-- Generated by org.testng.reporters.JUnitReportReporter -->
<testsuite hostname="LAPTOP-D4RH5SI9" failures="0" tests="3" name="TestNG.DataProviderInDifferentClass" time="0.031" errors="0" timestamp="2023-12-03T11:45:21 GMT+05:30" skipped="0">
  <testcase classname="TestNG.DataProviderInDifferentClass" name="demo" time="0.012"/>
  <system-out/>
  <testcase classname="TestNG.DataProviderInDifferentClass" name="demo" time="0.012"/>
  <system-out/>
  <testcase classname="TestNG.DataProviderInDifferentClass" name="demo" time="0.007"/>
  <system-out/>
</testsuite> <!-- TestNG.DataProviderInDifferentClass -->
