<?xml version="1.0" encoding="UTF-8"?>
<!-- Generated by org.testng.reporters.JUnitReportReporter -->
<testsuite hostname="LAPTOP-D4RH5SI9" failures="0" tests="1" name="Collections.TreeSetTest" time="0.023" errors="0" timestamp="2023-12-06T12:50:37 GMT+05:30" skipped="0">
  <testcase classname="Collections.TreeSetTest" name="treeSet" time="0.023"/>
  <system-out/>
</testsuite> <!-- Collections.TreeSetTest -->
