<?xml version="1.0" encoding="UTF-8"?>
<!-- Generated by org.testng.reporters.JUnitReportReporter -->
<testsuite hostname="LAPTOP-D4RH5SI9" failures="0" tests="1" name="Collections.LinkedHashSetTest" time="0.021" errors="0" timestamp="2023-12-06T12:11:29 GMT+05:30" skipped="0">
  <testcase classname="Collections.LinkedHashSetTest" name="linkedHashSet" time="0.021"/>
  <system-out/>
</testsuite> <!-- Collections.LinkedHashSetTest -->
