<?xml version="1.0" encoding="UTF-8"?>
<!-- Generated by org.testng.reporters.JUnitReportReporter -->
<testsuite hostname="LAPTOP-D4RH5SI9" failures="0" tests="1" name="Collections.ArrayListTest" time="0.031" errors="0" timestamp="2023-12-06T15:20:24 GMT+05:30" skipped="0">
  <testcase classname="Collections.ArrayListTest" name="arrayList" time="0.031"/>
  <system-out/>
</testsuite> <!-- Collections.ArrayListTest -->
