<?xml version="1.0" encoding="UTF-8"?>
<!-- Generated by org.testng.reporters.JUnitReportReporter -->
<testsuite hostname="LAPTOP-D4RH5SI9" failures="0" tests="1" name="DataDrivenTesting.WriteDataIntoDB" time="0.694" errors="0" timestamp="2023-12-02T18:00:14 GMT+05:30" skipped="0">
  <testcase classname="DataDrivenTesting.WriteDataIntoDB" name="writeDataTest" time="0.694"/>
  <system-out/>
</testsuite> <!-- DataDrivenTesting.WriteDataIntoDB -->
