<?xml version="1.0" encoding="UTF-8"?>
<!-- Generated by org.testng.reporters.JUnitReportReporter -->
<testsuite hostname="LAPTOP-D4RH5SI9" failures="0" tests="1" name="Collections.LinkedListTest" time="0.025" errors="0" timestamp="2023-12-06T15:21:47 GMT+05:30" skipped="0">
  <testcase classname="Collections.LinkedListTest" name="linkedListTest" time="0.025"/>
  <system-out/>
</testsuite> <!-- Collections.LinkedListTest -->
