<?xml version="1.0" encoding="UTF-8"?>
<!-- Generated by org.testng.reporters.JUnitReportReporter -->
<testsuite hostname="LAPTOP-D4RH5SI9" failures="0" tests="1" name="Collections.HashMapTest" time="0.018" errors="0" timestamp="2023-12-06T15:11:47 GMT+05:30" skipped="0">
  <testcase classname="Collections.HashMapTest" name="hashMapTest" time="0.018"/>
  <system-out/>
</testsuite> <!-- Collections.HashMapTest -->
