<?xml version="1.0" encoding="UTF-8"?>
<!-- Generated by org.testng.reporters.JUnitReportReporter -->
<testsuite hostname="LAPTOP-D4RH5SI9" failures="0" tests="3" name="TestNG.InvocationCount" time="0.016" errors="0" timestamp="2023-12-03T12:51:31 GMT+05:30" skipped="0">
  <testcase classname="TestNG.InvocationCount" name="testA" time="0.003"/>
  <system-out/>
  <testcase classname="TestNG.InvocationCount" name="testA" time="0.010"/>
  <system-out/>
  <testcase classname="TestNG.InvocationCount" name="testA" time="0.003"/>
  <system-out/>
</testsuite> <!-- TestNG.InvocationCount -->
