<?xml version="1.0" encoding="UTF-8"?>
<!-- Generated by org.testng.reporters.JUnitReportReporter -->
<testsuite hostname="LAPTOP-D4RH5SI9" failures="0" tests="1" name="Mock.phonesBelowPrice" time="38.170" errors="0" timestamp="2023-12-22T16:17:26 GMT+05:30" skipped="0">
  <testcase classname="Mock.phonesBelowPrice" name="test" time="38.170"/>
  <system-out/>
</testsuite> <!-- Mock.phonesBelowPrice -->
