<?xml version="1.0" encoding="UTF-8"?>
<!-- Generated by org.testng.reporters.JUnitReportReporter -->
<testsuite hostname="LAPTOP-D4RH5SI9" failures="0" tests="1" name="TestNG.Priority" time="0.007" errors="0" timestamp="2023-12-03T12:51:31 GMT+05:30" skipped="0">
  <testcase classname="TestNG.Priority" name="testA" time="0.007"/>
  <system-out/>
</testsuite> <!-- TestNG.Priority -->
