<?xml version="1.0" encoding="UTF-8"?>
<!-- Generated by org.testng.reporters.JUnitReportReporter -->
<testsuite hostname="LAPTOP-D4RH5SI9" failures="0" tests="1" name="TestNG.AssertTest" time="0.028" errors="0" timestamp="2023-12-03T13:18:29 GMT+05:30" skipped="0">
  <testcase classname="TestNG.AssertTest" name="demo" time="0.028"/>
  <system-out/>
</testsuite> <!-- TestNG.AssertTest -->
